Arguments: 
  /root/.nvm/versions/node/v16.15.1/bin/node /mnt/c/Program Files (x86)/Yarn/bin/yarn.js add -D hardhat @nomiclabs/hardhat-waffle etherum-waffle chai @nomiclabs/hardhat-ethers

PATH: 
  /root/.local/share/solana/install/active_release/bin:/root/.wasmtime/bin:/root/.cargo/bin:/root/.nvm/versions/node/v16.15.1/bin:/usr/local/sbin:/usr/local/bin:/usr/sbin:/usr/bin:/sbin:/bin:/usr/games:/usr/local/games:/usr/lib/wsl/lib:/mnt/c/Program Files/WindowsApps/Microsoft.WindowsTerminal_1.12.10982.0_x64__8wekyb3d8bbwe:/mnt/c/Program Files/Common Files/Oracle/Java/javapath:/mnt/c/Program Files (x86)/Microsoft SDKs/Azure/CLI2/wbin:/mnt/c/Python39/Scripts/:/mnt/c/Python39/:/mnt/c/Windows/system32:/mnt/c/Windows:/mnt/c/Windows/System32/Wbem:/mnt/c/Windows/System32/WindowsPowerShell/v1.0/:/mnt/c/Windows/System32/OpenSSH/:/mnt/c/Program Files/Git/cmd:/mnt/c/Program Files (x86)/Yarn/bin/:/mnt/c/ProgramData/chocolatey/bin:/mnt/c/Program Files/nodejs/:/mnt/c/Program Files (x86)/Microsoft SQL Server/150/DTS/Binn/:/mnt/c/Program Files/Azure Data Studio/bin:/mnt/c/Program Files/Microsoft SQL Server/130/Tools/Binn/:/mnt/c/Program Files/Microsoft SQL Server/Client SDK/ODBC/170/Tools/Binn/:/mnt/c/Program Files/PowerShell/7/:/mnt/c/Program Files (x86)/Microsoft SQL Server/150/Tools/Binn/:/mnt/c/Program Files/Microsoft SQL Server/150/Tools/Binn/:/mnt/c/Program Files/Microsoft SQL Server/150/DTS/Binn/:/mnt/d/Programs/Microsoft/Azure Functions Core Tools/:/mnt/c/Program Files/Docker/Docker/resources/bin:/mnt/c/ProgramData/DockerDesktop/version-bin:/mnt/c/Program Files/dotnet/:/mnt/c/Users/matth/.cargo/bin:/mnt/c/Users/matth/AppData/Local/Microsoft/WindowsApps:/mnt/c/Users/matth/AppData/Local/Programs/Microsoft VS Code/bin:/mnt/c/Users/matth/AppData/Local/Yarn/bin:/mnt/c/Users/matth/AppData/Roaming/npm:/mnt/c/Program Files/Azure Data Studio/bin:/mnt/c/Users/matth/AppData/Local/Programs/oh-my-posh/bin:/mnt/c/Users/matth/AppData/Local/Programs/oh-my-posh/themes:/mnt/c/Users/matth/.dotnet/tools:/snap/bin

Yarn version: 
  1.22.5

Node version: 
  16.15.1

Platform: 
  linux x64

Trace: 
  Error: https://registry.yarnpkg.com/etherum-waffle: Not found
      at Request.params.callback [as _callback] (/mnt/c/Program Files (x86)/Yarn/lib/cli.js:66097:18)
      at Request.self.callback (/mnt/c/Program Files (x86)/Yarn/lib/cli.js:140749:22)
      at Request.emit (node:events:527:28)
      at Request.<anonymous> (/mnt/c/Program Files (x86)/Yarn/lib/cli.js:141721:10)
      at Request.emit (node:events:527:28)
      at IncomingMessage.<anonymous> (/mnt/c/Program Files (x86)/Yarn/lib/cli.js:141643:12)
      at Object.onceWrapper (node:events:641:28)
      at IncomingMessage.emit (node:events:539:35)
      at endReadableNT (node:internal/streams/readable:1345:12)
      at processTicksAndRejections (node:internal/process/task_queues:83:21)

npm manifest: 
  {
    "name": "smart-contracts",
    "version": "1.0.0",
    "main": "index.js",
    "license": "MIT"
  }

yarn manifest: 
  No manifest

Lockfile: 
  No lockfile
